Determining if the include file pthread.h exists passed with the following output:
Change Dir: /home/pi/mnt/RPiDrone/rpidrone/build/CMakeFiles/CMakeTmp

Run Build Command:"/usr/bin/make" "cmTC_14d68/fast"
make[1]: Entering directory '/home/pi/mnt/RPiDrone/rpidrone/build/CMakeFiles/CMakeTmp'
make[1]: Warning: File 'Makefile' has modification time 1055895 s in the future
/usr/bin/make -f CMakeFiles/cmTC_14d68.dir/build.make CMakeFiles/cmTC_14d68.dir/build
make[2]: Entering directory '/home/pi/mnt/RPiDrone/rpidrone/build/CMakeFiles/CMakeTmp'
make[2]: Warning: File 'CMakeFiles/cmTC_14d68.dir/flags.make' has modification time 1055895 s in the future
Building C object CMakeFiles/cmTC_14d68.dir/CheckIncludeFile.c.o
/usr/bin/cc     -o CMakeFiles/cmTC_14d68.dir/CheckIncludeFile.c.o   -c /home/pi/mnt/RPiDrone/rpidrone/build/CMakeFiles/CMakeTmp/CheckIncludeFile.c
Linking C executable cmTC_14d68
/usr/local/bin/cmake -E cmake_link_script CMakeFiles/cmTC_14d68.dir/link.txt --verbose=1
/usr/bin/cc       CMakeFiles/cmTC_14d68.dir/CheckIncludeFile.c.o  -o cmTC_14d68 
make[2]: warning:  Clock skew detected.  Your build may be incomplete.
make[2]: Leaving directory '/home/pi/mnt/RPiDrone/rpidrone/build/CMakeFiles/CMakeTmp'
make[1]: warning:  Clock skew detected.  Your build may be incomplete.
make[1]: Leaving directory '/home/pi/mnt/RPiDrone/rpidrone/build/CMakeFiles/CMakeTmp'


Determining if the function pthread_create exists in the pthread passed with the following output:
Change Dir: /home/pi/mnt/RPiDrone/rpidrone/build/CMakeFiles/CMakeTmp

Run Build Command:"/usr/bin/make" "cmTC_9ae7f/fast"
make[1]: Entering directory '/home/pi/mnt/RPiDrone/rpidrone/build/CMakeFiles/CMakeTmp'
make[1]: Warning: File 'Makefile' has modification time 1055895 s in the future
/usr/bin/make -f CMakeFiles/cmTC_9ae7f.dir/build.make CMakeFiles/cmTC_9ae7f.dir/build
make[2]: Entering directory '/home/pi/mnt/RPiDrone/rpidrone/build/CMakeFiles/CMakeTmp'
make[2]: Warning: File 'CMakeFiles/cmTC_9ae7f.dir/flags.make' has modification time 1055895 s in the future
Building C object CMakeFiles/cmTC_9ae7f.dir/CheckFunctionExists.c.o
/usr/bin/cc    -DCHECK_FUNCTION_EXISTS=pthread_create   -o CMakeFiles/cmTC_9ae7f.dir/CheckFunctionExists.c.o   -c /usr/local/share/cmake-3.4/Modules/CheckFunctionExists.c
Linking C executable cmTC_9ae7f
/usr/local/bin/cmake -E cmake_link_script CMakeFiles/cmTC_9ae7f.dir/link.txt --verbose=1
/usr/bin/cc   -DCHECK_FUNCTION_EXISTS=pthread_create    CMakeFiles/cmTC_9ae7f.dir/CheckFunctionExists.c.o  -o cmTC_9ae7f -lpthread 
make[2]: warning:  Clock skew detected.  Your build may be incomplete.
make[2]: Leaving directory '/home/pi/mnt/RPiDrone/rpidrone/build/CMakeFiles/CMakeTmp'
make[1]: warning:  Clock skew detected.  Your build may be incomplete.
make[1]: Leaving directory '/home/pi/mnt/RPiDrone/rpidrone/build/CMakeFiles/CMakeTmp'


