Determining if the pthread_create exist failed with the following output:
Change Dir: /home/pi/mnt/RPiDrone/rpidrone/build/CMakeFiles/CMakeTmp

Run Build Command:"/usr/bin/make" "cmTC_779c4/fast"
make[1]: Entering directory '/home/pi/mnt/RPiDrone/rpidrone/build/CMakeFiles/CMakeTmp'
make[1]: Warning: File 'Makefile' has modification time 1055895 s in the future
/usr/bin/make -f CMakeFiles/cmTC_779c4.dir/build.make CMakeFiles/cmTC_779c4.dir/build
make[2]: Entering directory '/home/pi/mnt/RPiDrone/rpidrone/build/CMakeFiles/CMakeTmp'
make[2]: Warning: File 'CMakeFiles/cmTC_779c4.dir/flags.make' has modification time 1055895 s in the future
Building C object CMakeFiles/cmTC_779c4.dir/CheckSymbolExists.c.o
/usr/bin/cc     -o CMakeFiles/cmTC_779c4.dir/CheckSymbolExists.c.o   -c /home/pi/mnt/RPiDrone/rpidrone/build/CMakeFiles/CMakeTmp/CheckSymbolExists.c
Linking C executable cmTC_779c4
/usr/local/bin/cmake -E cmake_link_script CMakeFiles/cmTC_779c4.dir/link.txt --verbose=1
/usr/bin/cc       CMakeFiles/cmTC_779c4.dir/CheckSymbolExists.c.o  -o cmTC_779c4 
CMakeFiles/cmTC_779c4.dir/CheckSymbolExists.c.o: In function `main':
CheckSymbolExists.c:(.text+0x38): undefined reference to `pthread_create'
collect2: error: ld returned 1 exit status
CMakeFiles/cmTC_779c4.dir/build.make:97: recipe for target 'cmTC_779c4' failed
make[2]: *** [cmTC_779c4] Error 1
make[2]: Leaving directory '/home/pi/mnt/RPiDrone/rpidrone/build/CMakeFiles/CMakeTmp'
Makefile:126: recipe for target 'cmTC_779c4/fast' failed
make[1]: *** [cmTC_779c4/fast] Error 2
make[1]: Leaving directory '/home/pi/mnt/RPiDrone/rpidrone/build/CMakeFiles/CMakeTmp'

File /home/pi/mnt/RPiDrone/rpidrone/build/CMakeFiles/CMakeTmp/CheckSymbolExists.c:
/* */
#include <pthread.h>

int main(int argc, char** argv)
{
  (void)argv;
#ifndef pthread_create
  return ((int*)(&pthread_create))[argc];
#else
  (void)argc;
  return 0;
#endif
}

Determining if the function pthread_create exists in the pthreads failed with the following output:
Change Dir: /home/pi/mnt/RPiDrone/rpidrone/build/CMakeFiles/CMakeTmp

Run Build Command:"/usr/bin/make" "cmTC_3483c/fast"
make[1]: Entering directory '/home/pi/mnt/RPiDrone/rpidrone/build/CMakeFiles/CMakeTmp'
make[1]: Warning: File 'Makefile' has modification time 1055895 s in the future
/usr/bin/make -f CMakeFiles/cmTC_3483c.dir/build.make CMakeFiles/cmTC_3483c.dir/build
make[2]: Entering directory '/home/pi/mnt/RPiDrone/rpidrone/build/CMakeFiles/CMakeTmp'
make[2]: Warning: File 'CMakeFiles/cmTC_3483c.dir/flags.make' has modification time 1055895 s in the future
Building C object CMakeFiles/cmTC_3483c.dir/CheckFunctionExists.c.o
/usr/bin/cc    -DCHECK_FUNCTION_EXISTS=pthread_create   -o CMakeFiles/cmTC_3483c.dir/CheckFunctionExists.c.o   -c /usr/local/share/cmake-3.4/Modules/CheckFunctionExists.c
Linking C executable cmTC_3483c
/usr/local/bin/cmake -E cmake_link_script CMakeFiles/cmTC_3483c.dir/link.txt --verbose=1
/usr/bin/cc   -DCHECK_FUNCTION_EXISTS=pthread_create    CMakeFiles/cmTC_3483c.dir/CheckFunctionExists.c.o  -o cmTC_3483c -lpthreads 
/usr/bin/ld: cannot find -lpthreads
collect2: error: ld returned 1 exit status
CMakeFiles/cmTC_3483c.dir/build.make:97: recipe for target 'cmTC_3483c' failed
make[2]: *** [cmTC_3483c] Error 1
make[2]: Leaving directory '/home/pi/mnt/RPiDrone/rpidrone/build/CMakeFiles/CMakeTmp'
Makefile:126: recipe for target 'cmTC_3483c/fast' failed
make[1]: *** [cmTC_3483c/fast] Error 2
make[1]: Leaving directory '/home/pi/mnt/RPiDrone/rpidrone/build/CMakeFiles/CMakeTmp'


